2020-07-26 02:58:54	info	Response, code: [0 824635474480 []], header: %!v(MISSING), body: %!v(MISSING)
2020-07-26 02:59:14	info	Response, code: [0 824635474592 []], header: %!v(MISSING), body: %!v(MISSING)
2020-07-26 03:02:04	info	Response, code: [0 824635482896 []], header: %!v(MISSING), body: %!v(MISSING)
2020-07-26 03:02:24	info	Response, code: [0 824634966352 []], header: %!v(MISSING), body: %!v(MISSING)
2020-07-26 03:03:06	info	Response, code: [0 824635482896 []], header: %!v(MISSING), body: %!v(MISSING)
2020-07-26 03:03:21	error	Failed to receive a response: [rpc error: code = Unavailable desc = transport is closing]
2020-07-26 03:03:34	info	Response, code: [0 824635089680 []], header: %!v(MISSING), body: %!v(MISSING)
2020-07-26 03:04:08	info	Response, code: [0 824635540240 []], header: %!v(MISSING), body: %!v(MISSING)
2020-07-26 03:07:01	info	Response, code: [0 824635540240 []], header: %!v(MISSING), body: %!v(MISSING)
2020-07-26 03:07:21	info	Response, code: [0 824635089120 []], header: %!v(MISSING), body: %!v(MISSING)
2020-07-26 03:07:41	info	Response, code: [0 824635089344 []], header: %!v(MISSING), body: %!v(MISSING)
2020-07-26 03:08:11	info	Response, code: [0 824635515664 []], header: %!v(MISSING), body: %!v(MISSING)
2020-07-26 03:08:31	info	Response, code: [0 824635515888 []], header: %!v(MISSING), body: %!v(MISSING)
2020-07-26 03:08:35	error	Failed to receive a response: [rpc error: code = Unavailable desc = transport is closing]
2020-07-26 03:08:40	info	Response, code: [0 824635441712 []], header: %!v(MISSING), body: %!v(MISSING)
2020-07-26 03:09:37	info	Response, code: [0 824635441712 []], header: %!v(MISSING), body: %!v(MISSING)
2020-07-26 03:09:57	info	Response, code: [0 824635089344 []], header: %!v(MISSING), body: %!v(MISSING)
2020-07-26 03:10:17	info	Response, code: [0 824635441936 []], header: %!v(MISSING), body: %!v(MISSING)
2020-07-26 03:10:37	info	Response, code: [0 824635442160 []], header: %!v(MISSING), body: %!v(MISSING)
2020-07-26 03:10:56	error	Failed to receive a response: [rpc error: code = Unavailable desc = transport is closing]
2020-07-26 03:11:01	info	Response, code: [0 824635089344 []], header: %!v(MISSING), body: %!v(MISSING)
2020-07-26 03:11:21	info	Response, code: [0 824635089456 []], header: %!v(MISSING), body: %!v(MISSING)
2020-07-26 03:11:59	info	Response, code: [0 824635089680 []], header: %!v(MISSING), body: %!v(MISSING)
2020-07-26 03:12:19	info	Response, code: [0 824635474256 []], header: %!v(MISSING), body: %!v(MISSING)
2020-07-26 03:12:39	info	Response, code: [0 824635089792 []], header: %!v(MISSING), body: %!v(MISSING)
2020-07-26 03:12:59	info	Response, code: [0 824635090016 []], header: %!v(MISSING), body: %!v(MISSING)
2020-07-26 03:13:12	error	Failed to receive a response: [rpc error: code = Unavailable desc = transport is closing]
2020-07-26 03:13:17	info	Response, code: [0 824635089904 []], header: %!v(MISSING), body: %!v(MISSING)
2020-07-26 03:13:37	info	Response, code: [0 824635090016 []], header: %!v(MISSING), body: %!v(MISSING)
2020-07-26 03:13:57	info	Response, code: [0 824635090240 []], header: %!v(MISSING), body: %!v(MISSING)
2020-07-26 03:14:17	info	Response, code: [0 824635090352 []], header: %!v(MISSING), body: %!v(MISSING)
2020-07-26 03:14:37	info	Response, code: [0 824635089344 []], header: %!v(MISSING), body: %!v(MISSING)
2020-07-26 03:14:57	info	Response, code: [0 824635441824 []], header: %!v(MISSING), body: %!v(MISSING)
2020-07-26 03:15:17	info	Response, code: [0 824635089456 []], header: %!v(MISSING), body: %!v(MISSING)
2020-07-26 03:15:37	error	Failed to receive a response: [rpc error: code = Unavailable desc = transport is closing]
2020-07-26 03:15:41	info	Response, code: [0 824635507472 []], header: %!v(MISSING), body: %!v(MISSING)
2020-07-26 03:16:01	info	Response, code: [0 824635507696 []], header: %!v(MISSING), body: %!v(MISSING)
2020-07-26 03:16:19	error	Failed to receive a response: [rpc error: code = Unavailable desc = transport is closing]
2020-07-26 03:16:23	info	Response, code: [0 824635089680 []], header: %!v(MISSING), body: %!v(MISSING)
2020-07-26 03:16:46	info	Response, code: [0 824635089344 []], header: %!v(MISSING), body: %!v(MISSING)
2020-07-26 03:17:06	info	Response, code: [0 824635441824 []], header: %!v(MISSING), body: %!v(MISSING)
2020-07-26 03:17:16	error	Failed to receive a response: [rpc error: code = Unavailable desc = transport is closing]
2020-07-26 03:17:21	info	Response, code: [0 824635408608 []], header: %!v(MISSING), body: %!v(MISSING)
2020-07-26 03:17:37	error	Failed to receive a response: [rpc error: code = Unavailable desc = transport is closing]
2020-07-26 03:17:44	info	Response, code: [0 824635686912 []], header: %!v(MISSING), body: %!v(MISSING)
2020-07-26 03:18:04	info	Response, code: [0 824635687024 []], header: %!v(MISSING), body: %!v(MISSING)
2020-07-26 03:18:15	error	Failed to receive a response: [rpc error: code = Unavailable desc = transport is closing]
2020-07-26 03:18:20	info	Response, code: [0 824635441712 []], header: %!v(MISSING), body: %!v(MISSING)
2020-07-26 03:18:40	info	Response, code: [0 824635097536 []], header: %!v(MISSING), body: %!v(MISSING)
2020-07-26 03:18:54	error	Failed to receive a response: [rpc error: code = Unavailable desc = transport is closing]
2020-07-26 03:18:59	info	Response, code: [0 824635089120 []], header: %!v(MISSING), body: %!v(MISSING)
2020-07-26 03:19:19	info	Response, code: [0 824635089232 []], header: %!v(MISSING), body: %!v(MISSING)
2020-07-26 03:19:39	info	Response, code: [0 824635089456 []], header: %!v(MISSING), body: %!v(MISSING)
2020-07-26 03:19:59	info	Response, code: [0 824635540464 []], header: %!v(MISSING), body: %!v(MISSING)
2020-07-26 03:20:19	info	Response, code: [0 824635089680 []], header: %!v(MISSING), body: %!v(MISSING)
2020-07-26 03:20:39	info	Response, code: [0 824635089904 []], header: %!v(MISSING), body: %!v(MISSING)
2020-07-26 03:20:59	info	Response, code: [0 824635540576 []], header: %!v(MISSING), body: %!v(MISSING)
2020-07-26 03:21:19	info	Response, code: [0 824635090240 []], header: %!v(MISSING), body: %!v(MISSING)
2020-07-26 03:21:39	info	Response, code: [0 824635090464 []], header: %!v(MISSING), body: %!v(MISSING)
2020-07-26 03:21:59	info	Response, code: [0 824635540800 []], header: %!v(MISSING), body: %!v(MISSING)
2020-07-26 03:22:19	info	Response, code: [0 824635090576 []], header: %!v(MISSING), body: %!v(MISSING)
2020-07-26 03:22:39	info	Response, code: [0 824635090800 []], header: %!v(MISSING), body: %!v(MISSING)
2020-07-26 03:22:59	info	Response, code: [0 824635091024 []], header: %!v(MISSING), body: %!v(MISSING)
2020-07-26 03:23:19	info	Response, code: [0 824635091248 []], header: %!v(MISSING), body: %!v(MISSING)
2020-07-26 03:23:39	info	Response, code: [0 824635091472 []], header: %!v(MISSING), body: %!v(MISSING)
2020-07-26 03:23:59	info	Response, code: [0 824635091696 []], header: %!v(MISSING), body: %!v(MISSING)
2020-07-26 03:24:19	info	Response, code: [0 824635091920 []], header: %!v(MISSING), body: %!v(MISSING)
2020-07-26 03:24:39	info	Response, code: [0 824635092032 []], header: %!v(MISSING), body: %!v(MISSING)
2020-07-26 03:24:59	info	Response, code: [0 824635092256 []], header: %!v(MISSING), body: %!v(MISSING)
2020-07-26 03:25:19	info	Response, code: [0 824635541136 []], header: %!v(MISSING), body: %!v(MISSING)
2020-07-26 03:25:39	info	Response, code: [0 824635092480 []], header: %!v(MISSING), body: %!v(MISSING)
2020-07-26 03:25:59	info	Response, code: [0 824635092704 []], header: %!v(MISSING), body: %!v(MISSING)
2020-07-26 03:26:19	info	Response, code: [0 824635092928 []], header: %!v(MISSING), body: %!v(MISSING)
2020-07-26 03:26:39	info	Response, code: [0 824635541360 []], header: %!v(MISSING), body: %!v(MISSING)
2020-07-26 03:26:59	info	Response, code: [0 824635541584 []], header: %!v(MISSING), body: %!v(MISSING)
2020-07-26 03:27:19	info	Response, code: [0 824635093152 []], header: %!v(MISSING), body: %!v(MISSING)
2020-07-26 03:27:39	info	Response, code: [0 824635093376 []], header: %!v(MISSING), body: %!v(MISSING)
2020-07-26 03:28:00	info	Response, code: [0 824635093488 []], header: %!v(MISSING), body: %!v(MISSING)
2020-07-26 03:28:20	info	Response, code: [0 824635093712 []], header: %!v(MISSING), body: %!v(MISSING)
2020-07-26 03:28:40	info	Response, code: [0 824635541920 []], header: %!v(MISSING), body: %!v(MISSING)
2020-07-26 16:11:24	info	Response, code: [0 824635089680 []], header: %!v(MISSING), body: %!v(MISSING)
2020-07-26 16:17:26	info	Response, code: [0 824635089680 []], header: %!v(MISSING), body: %!v(MISSING)
2020-07-26 16:17:46	info	Response, code: [0 824635089904 []], header: %!v(MISSING), body: %!v(MISSING)
2020-07-26 16:17:48	error	Failed to receive a response: [rpc error: code = Unavailable desc = transport is closing]
2020-07-26 16:17:54	info	Response, code: [0 824635547872 []], header: %!v(MISSING), body: %!v(MISSING)
2020-07-26 16:18:14	info	Response, code: [0 824635089792 []], header: %!v(MISSING), body: %!v(MISSING)
2020-07-26 16:18:34	info	Response, code: [0 824635089904 []], header: %!v(MISSING), body: %!v(MISSING)
2020-07-26 16:18:51	error	Failed to receive a response: [rpc error: code = Unavailable desc = transport is closing]
2020-07-26 16:18:56	info	Response, code: [0 824635089344 []], header: %!v(MISSING), body: %!v(MISSING)
2020-07-26 16:19:16	info	Response, code: [0 824635441712 []], header: %!v(MISSING), body: %!v(MISSING)
2020-07-26 16:19:36	info	Response, code: [0 824635441936 []], header: %!v(MISSING), body: %!v(MISSING)
2020-07-26 16:19:56	info	Response, code: [0 824635442160 []], header: %!v(MISSING), body: %!v(MISSING)
2020-07-26 16:20:16	info	Response, code: [0 824635089680 []], header: %!v(MISSING), body: %!v(MISSING)
2020-07-26 16:20:37	info	Response, code: [0 824635442384 []], header: %!v(MISSING), body: %!v(MISSING)
2020-07-26 16:20:57	info	Response, code: [0 824635089792 []], header: %!v(MISSING), body: %!v(MISSING)
2020-07-26 16:21:17	info	Response, code: [0 824635442608 []], header: %!v(MISSING), body: %!v(MISSING)
2020-07-26 16:21:37	info	Response, code: [0 824635090016 []], header: %!v(MISSING), body: %!v(MISSING)
2020-07-26 16:21:41	error	Failed to receive a response: [rpc error: code = Unavailable desc = transport is closing]
2020-07-26T16:21:50+08:00	info	Response, code: [0 824635441376 []], header: %!v(MISSING), body: %!v(MISSING)
2020-07-26T16:22:10+08:00	info	Response, code: [0 824635089792 []], header: %!v(MISSING), body: %!v(MISSING)
2020-07-26T16:22:30+08:00	info	Response, code: [0 824635089904 []], header: %!v(MISSING), body: %!v(MISSING)
2020-07-26T16:22:45+08:00	info	Response, code: [0 824635089680 []], header: %!v(MISSING), body: %!v(MISSING)
2020-07-26T16:22:46+08:00	error	Failed to receive a response: [rpc error: code = Unavailable desc = transport is closing]
2020-07-26T16:22:51+08:00	info	Response, code: [0 824634967024 []], header: %!v(MISSING), body: %!v(MISSING)
2020-07-26T16:23:11+08:00	info	Response, code: [0 824634967248 []], header: %!v(MISSING), body: %!v(MISSING)
2020-07-26T16:23:31+08:00	info	Response, code: [0 824634967472 []], header: %!v(MISSING), body: %!v(MISSING)
2020-07-26T16:23:51+08:00	info	Response, code: [0 824635719680 []], header: %!v(MISSING), body: %!v(MISSING)
2020-07-26T16:24:11+08:00	info	Response, code: [0 824635719792 []], header: %!v(MISSING), body: %!v(MISSING)
2020-07-26T16:24:31+08:00	info	Response, code: [0 824635719904 []], header: %!v(MISSING), body: %!v(MISSING)
2020-07-26T16:24:51+08:00	info	Response, code: [0 824634968032 []], header: %!v(MISSING), body: %!v(MISSING)
2020-07-26T16:25:11+08:00	info	Response, code: [0 824635720016 []], header: %!v(MISSING), body: %!v(MISSING)
2020-07-26T16:25:31+08:00	info	Response, code: [0 824635720240 []], header: %!v(MISSING), body: %!v(MISSING)
2020-07-26T16:25:51+08:00	info	Response, code: [0 824634968256 []], header: %!v(MISSING), body: %!v(MISSING)
2020-07-26T16:26:11+08:00	info	Response, code: [0 824635720464 []], header: %!v(MISSING), body: %!v(MISSING)
2020-07-26T16:26:31+08:00	info	Response, code: [0 824634968592 []], header: %!v(MISSING), body: %!v(MISSING)
2020-07-26T16:26:51+08:00	info	Response, code: [0 824635720576 []], header: %!v(MISSING), body: %!v(MISSING)
2020-07-26T16:27:11+08:00	info	Response, code: [0 824634968928 []], header: %!v(MISSING), body: %!v(MISSING)
2020-07-26T16:27:31+08:00	info	Response, code: [0 824635720688 []], header: %!v(MISSING), body: %!v(MISSING)
2020-07-26T16:27:51+08:00	info	Response, code: [0 824634969264 []], header: %!v(MISSING), body: %!v(MISSING)
2020-07-26T16:28:11+08:00	info	Response, code: [0 824634969376 []], header: %!v(MISSING), body: %!v(MISSING)
2020-07-26T16:28:31+08:00	info	Response, code: [0 824634969600 []], header: %!v(MISSING), body: %!v(MISSING)
2020-07-26T16:28:51+08:00	info	Response, code: [0 824634969712 []], header: %!v(MISSING), body: %!v(MISSING)
2020-07-26T16:29:11+08:00	info	Response, code: [0 824634969936 []], header: %!v(MISSING), body: %!v(MISSING)
2020-07-26T16:29:31+08:00	info	Response, code: [0 824634970160 []], header: %!v(MISSING), body: %!v(MISSING)
2020-07-26T16:29:51+08:00	info	Response, code: [0 824634970384 []], header: %!v(MISSING), body: %!v(MISSING)
2020-07-26T16:30:11+08:00	info	Response, code: [0 824634970608 []], header: %!v(MISSING), body: %!v(MISSING)
2020-07-26T16:30:31+08:00	info	Response, code: [0 824635721024 []], header: %!v(MISSING), body: %!v(MISSING)
2020-07-26T16:30:51+08:00	info	Response, code: [0 824634970832 []], header: %!v(MISSING), body: %!v(MISSING)
2020-07-26T16:31:11+08:00	info	Response, code: [0 824634971056 []], header: %!v(MISSING), body: %!v(MISSING)
2020-07-26T16:31:31+08:00	info	Response, code: [0 824634971168 []], header: %!v(MISSING), body: %!v(MISSING)
2020-07-26T16:31:51+08:00	info	Response, code: [0 824634971392 []], header: %!v(MISSING), body: %!v(MISSING)
2020-07-26T16:32:11+08:00	info	Response, code: [0 824635721472 []], header: %!v(MISSING), body: %!v(MISSING)
2020-07-26T16:32:31+08:00	info	Response, code: [0 824635721696 []], header: %!v(MISSING), body: %!v(MISSING)
2020-07-26 17:08:44	info	Response, code: 0, header: , body: []
2020-07-26 17:09:04	info	Response, code: 0, header: , body: []
2020-07-26 17:09:24	info	Response, code: 0, header: , body: []
2020-07-26 17:09:44	info	Response, code: 0, header: , body: []
2020-07-26 17:10:04	info	Response, code: 0, header: , body: []
2020-07-26 17:10:22	error	Failed to receive a response: rpc error: code = Unavailable desc = transport is closing
2020-07-26 17:10:55	info	Response, code: 0, header: , body: []
2020-07-26 17:11:15	info	Response, code: 0, header: , body: []
2020-07-26 17:11:35	info	Response, code: 0, header: , body: []
2020-07-26 17:11:55	info	Response, code: 0, header: , body: []
2020-07-26 17:12:15	info	Response, code: 0, header: , body: []
2020-07-26 17:12:35	info	Response, code: 0, header: , body: []
2020-07-26 17:12:55	info	Response, code: 0, header: , body: []
2020-07-26 17:13:07	error	Failed to receive a response: rpc error: code = Unavailable desc = transport is closing
2020-07-26 17:13:13	info	Recv	{"code": 0, "header": ""}
2020-07-26 17:13:13	info	Recv  code: 0, header: , body: []
2020-07-26 17:13:33	info	Recv	{"code": 0, "header": ""}
2020-07-26 17:13:33	info	Recv  code: 0, header: , body: []
2020-07-26 17:13:53	info	Recv	{"code": 0, "header": ""}
2020-07-26 17:13:53	info	Recv  code: 0, header: , body: []
2020-07-26 17:14:13	info	Recv	{"code": 0, "header": ""}
2020-07-26 17:14:13	info	Recv  code: 0, header: , body: []
2020-07-26 17:14:33	info	Recv	{"code": 0, "header": ""}
2020-07-26 17:14:33	info	Recv  code: 0, header: , body: []
2020-07-26 17:14:53	info	Recv	{"code": 0, "header": ""}
2020-07-26 17:14:53	info	Recv  code: 0, header: , body: []
2020-07-26 17:15:13	info	Recv	{"code": 0, "header": ""}
2020-07-26 17:15:13	info	Recv  code: 0, header: , body: []
2020-07-26 17:15:33	info	Recv	{"code": 0, "header": ""}
2020-07-26 17:15:33	info	Recv  code: 0, header: , body: []
2020-07-26 17:15:50	error	Failed to receive a response: rpc error: code = Unavailable desc = transport is closing
2020-07-26 17:15:55	info	Recv	{"code": 0, "header": ""}
2020-07-26 17:15:55	info	Recv  code: 0, header: , body: []
2020-07-26 17:16:15	info	Recv	{"code": 0, "header": ""}
2020-07-26 17:16:15	info	Recv  code: 0, header: , body: []
2020-07-26 17:16:21	error	Failed to receive a response: rpc error: code = Unavailable desc = transport is closing
2020-07-26 21:20:08	error	Failed to receive a response: rpc error: code = Unavailable desc = transport is closing
2020-07-26 21:23:14	error	Failed to receive a response: rpc error: code = Unavailable desc = transport is closing
2020-07-26 21:44:54	info	Recv	{"code": 0, "header": ""}
2020-07-26 21:44:54	info	Recv  code: 0, header: , body: []
2020-07-26 21:45:14	info	Recv	{"code": 0, "header": ""}
2020-07-26 21:45:14	info	Recv  code: 0, header: , body: []
2020-07-26 21:45:34	info	Recv	{"code": 0, "header": ""}
2020-07-26 21:45:34	info	Recv  code: 0, header: , body: []
2020-07-26 21:45:54	info	Recv	{"code": 0, "header": ""}
2020-07-26 21:45:54	info	Recv  code: 0, header: , body: []
2020-07-26 21:46:14	info	Recv	{"code": 0, "header": ""}
2020-07-26 21:46:14	info	Recv  code: 0, header: , body: []
2020-07-26 21:46:34	info	Recv	{"code": 0, "header": ""}
2020-07-26 21:46:34	info	Recv  code: 0, header: , body: []
2020-07-26 21:46:54	info	Recv	{"code": 0, "header": ""}
2020-07-26 21:46:54	info	Recv  code: 0, header: , body: []
2020-07-26 21:47:14	info	Recv	{"code": 0, "header": ""}
2020-07-26 21:47:14	info	Recv  code: 0, header: , body: []
2020-07-26 21:47:34	info	Recv	{"code": 0, "header": ""}
2020-07-26 21:47:34	info	Recv  code: 0, header: , body: []
2020-07-26 21:47:54	info	Recv	{"code": 0, "header": ""}
2020-07-26 21:47:54	info	Recv  code: 0, header: , body: []
2020-07-26 21:48:14	info	Recv	{"code": 0, "header": ""}
2020-07-26 21:48:14	info	Recv  code: 0, header: , body: []
2020-07-26 21:48:34	info	Recv	{"code": 0, "header": ""}
2020-07-26 21:48:34	info	Recv  code: 0, header: , body: []
2020-07-26 21:48:54	info	Recv	{"code": 0, "header": ""}
2020-07-26 21:48:54	info	Recv  code: 0, header: , body: []
2020-07-26 21:49:14	info	Recv	{"code": 0, "header": ""}
2020-07-26 21:49:14	info	Recv  code: 0, header: , body: []
2020-07-26 21:49:34	info	Recv	{"code": 0, "header": ""}
2020-07-26 21:49:34	info	Recv  code: 0, header: , body: []
2020-07-26 21:49:54	info	Recv	{"code": 0, "header": ""}
2020-07-26 21:49:54	info	Recv  code: 0, header: , body: []
2020-07-26 21:50:14	info	Recv	{"code": 0, "header": ""}
2020-07-26 21:50:14	info	Recv  code: 0, header: , body: []
2020-07-26 21:50:34	info	Recv	{"code": 0, "header": ""}
2020-07-26 21:50:34	info	Recv  code: 0, header: , body: []
2020-07-26 21:50:54	info	Recv	{"code": 0, "header": ""}
2020-07-26 21:50:54	info	Recv  code: 0, header: , body: []
2020-07-26 21:51:14	info	Recv	{"code": 0, "header": ""}
2020-07-26 21:51:14	info	Recv  code: 0, header: , body: []
2020-07-26 21:51:34	info	Recv	{"code": 0, "header": ""}
2020-07-26 21:51:34	info	Recv  code: 0, header: , body: []
2020-07-26 21:51:54	info	Recv	{"code": 0, "header": ""}
2020-07-26 21:51:54	info	Recv  code: 0, header: , body: []
2020-07-26 21:52:14	info	Recv	{"code": 0, "header": ""}
2020-07-26 21:52:14	info	Recv  code: 0, header: , body: []
2020-07-26 21:52:34	info	Recv	{"code": 0, "header": ""}
2020-07-26 21:52:34	info	Recv  code: 0, header: , body: []
2020-07-26 21:52:54	info	Recv	{"code": 0, "header": ""}
2020-07-26 21:52:54	info	Recv  code: 0, header: , body: []
2020-07-26 21:53:14	info	Recv	{"code": 0, "header": ""}
2020-07-26 21:53:14	info	Recv  code: 0, header: , body: []
2020-07-26 21:53:34	info	Recv	{"code": 0, "header": ""}
2020-07-26 21:53:34	info	Recv  code: 0, header: , body: []
2020-07-26 21:53:54	info	Recv	{"code": 0, "header": ""}
2020-07-26 21:53:54	info	Recv  code: 0, header: , body: []
2020-07-26 21:54:14	info	Recv	{"code": 0, "header": ""}
2020-07-26 21:54:14	info	Recv  code: 0, header: , body: []
2020-07-26 23:52:02	info	Recv	{"code": 0, "header": ""}
2020-07-26 23:52:02	info	Recv  code: 0, header: , body: []
2020-07-26 23:53:52	info	Recv	{"code": 0, "header": ""}
2020-07-26 23:53:52	info	Recv  code: 0, header: , body: []
2020-07-26 23:54:12	info	Recv	{"code": 0, "header": ""}
2020-07-26 23:54:12	info	Recv  code: 0, header: , body: []
2020-07-26 23:54:32	info	Recv	{"code": 0, "header": ""}
2020-07-26 23:54:32	info	Recv  code: 0, header: , body: []
2020-07-26 23:54:52	info	Recv	{"code": 0, "header": ""}
2020-07-26 23:54:52	info	Recv  code: 0, header: , body: []
2020-07-26 23:55:12	info	Recv	{"code": 0, "header": ""}
2020-07-26 23:55:12	info	Recv  code: 0, header: , body: []
2020-07-26 23:55:32	info	Recv	{"code": 0, "header": ""}
2020-07-26 23:55:32	info	Recv  code: 0, header: , body: []
2020-07-26 23:55:53	info	Recv	{"code": 0, "header": ""}
2020-07-26 23:55:53	info	Recv  code: 0, header: , body: []
2020-07-26 23:56:13	info	Recv	{"code": 0, "header": ""}
2020-07-26 23:56:13	info	Recv  code: 0, header: , body: []
2020-07-26 23:56:33	info	Recv	{"code": 0, "header": ""}
2020-07-26 23:56:33	info	Recv  code: 0, header: , body: []
2020-07-26 23:56:53	info	Recv	{"code": 0, "header": ""}
2020-07-26 23:56:53	info	Recv  code: 0, header: , body: []
2020-07-26 23:57:13	info	Recv	{"code": 0, "header": ""}
2020-07-26 23:57:13	info	Recv  code: 0, header: , body: []
2020-07-26 23:57:33	info	Recv	{"code": 0, "header": ""}
2020-07-26 23:57:33	info	Recv  code: 0, header: , body: []
2020-07-26 23:57:53	info	Recv	{"code": 0, "header": ""}
2020-07-26 23:57:53	info	Recv  code: 0, header: , body: []
2020-07-26 23:58:13	info	Recv	{"code": 0, "header": ""}
2020-07-26 23:58:13	info	Recv  code: 0, header: , body: []
2020-07-26 23:58:33	info	Recv	{"code": 0, "header": ""}
2020-07-26 23:58:33	info	Recv  code: 0, header: , body: []
2020-07-26 23:58:53	info	Recv	{"code": 0, "header": ""}
2020-07-26 23:58:53	info	Recv  code: 0, header: , body: []
2020-07-26 23:59:13	info	Recv	{"code": 0, "header": ""}
2020-07-26 23:59:13	info	Recv  code: 0, header: , body: []
2020-07-26 23:59:33	info	Recv	{"code": 0, "header": ""}
2020-07-26 23:59:33	info	Recv  code: 0, header: , body: []
2020-07-26 23:59:53	info	Recv	{"code": 0, "header": ""}
2020-07-26 23:59:53	info	Recv  code: 0, header: , body: []
2020-07-27 00:00:13	info	Recv	{"code": 0, "header": ""}
2020-07-27 00:00:13	info	Recv  code: 0, header: , body: []
2020-07-27 00:00:33	info	Recv	{"code": 0, "header": ""}
2020-07-27 00:00:33	info	Recv  code: 0, header: , body: []
2020-07-27 00:00:53	info	Recv	{"code": 0, "header": ""}
2020-07-27 00:00:53	info	Recv  code: 0, header: , body: []
2020-07-27 00:01:13	info	Recv	{"code": 0, "header": ""}
2020-07-27 00:01:13	info	Recv  code: 0, header: , body: []
2020-07-27 00:01:33	info	Recv	{"code": 0, "header": ""}
2020-07-27 00:01:33	info	Recv  code: 0, header: , body: []
2020-07-27 00:01:53	info	Recv	{"code": 0, "header": ""}
2020-07-27 00:01:53	info	Recv  code: 0, header: , body: []
2020-07-27 00:02:13	info	Recv	{"code": 0, "header": ""}
2020-07-27 00:02:13	info	Recv  code: 0, header: , body: []
2020-07-27 00:02:33	info	Recv	{"code": 0, "header": ""}
2020-07-27 00:02:33	info	Recv  code: 0, header: , body: []
2020-07-27 00:02:53	info	Recv	{"code": 0, "header": ""}
2020-07-27 00:02:53	info	Recv  code: 0, header: , body: []
2020-07-27 00:03:13	info	Recv	{"code": 0, "header": ""}
2020-07-27 00:03:13	info	Recv  code: 0, header: , body: []
2020-07-27 00:03:33	info	Recv	{"code": 0, "header": ""}
2020-07-27 00:03:33	info	Recv  code: 0, header: , body: []
2020-07-27 07:42:55	info	Recv	{"code": 0, "header": ""}
2020-07-27 07:42:55	info	Recv  code: 0, header: , body: []
